<?xml version="1.0" encoding="UTF-8"?>
<!-- Generated by org.testng.reporters.JUnitReportReporter -->
<testsuite skipped="1" hostname="DESKTOP-69EDN3D" name="com.teckarch.login.LoginTeckarch" tests="2" failures="0" timestamp="16 Jun 2020 22:23:45 GMT" time="0.590" errors="0">
  <testcase name="invalid_login" time="0.590" classname="com.teckarch.login.LoginTeckarch"/>
  <testcase name="Valid_login" classname="com.teckarch.login.LoginTeckarch">
    <skipped/>
  </testcase> <!-- Valid_login -->
</testsuite> <!-- com.teckarch.login.LoginTeckarch -->
